<?xml version="1.0" encoding="UTF-8"?>
<testsuite xmlns:xsi="http://www.w3.org/2001/XMLSchema-instance" xsi:noNamespaceSchemaLocation="https://maven.apache.org/surefire/maven-surefire-plugin/xsd/surefire-test-report.xsd" name="TestSuite" time="1.608" tests="0" errors="0" skipped="0" failures="0">
  <properties>
    <property name="sun.desktop" value="gnome"/>
    <property name="awt.toolkit" value="sun.awt.X11.XToolkit"/>
    <property name="file.encoding.pkg" value="sun.io"/>
    <property name="java.specification.version" value="1.8"/>
    <property name="sun.cpu.isalist" value=""/>
    <property name="sun.jnu.encoding" value="UTF-8"/>
    <property name="java.class.path" value="/home/chiran/Desktop/WSO2/siddhi-extensions/siddhi-io-ibmmq/component/target/test-classes:/home/chiran/Desktop/WSO2/siddhi-extensions/siddhi-io-ibmmq/component/target/classes:/home/chiran/.m2/repository/org/wso2/siddhi/siddhi-core/4.1.46/siddhi-core-4.1.46.jar:/home/chiran/.m2/repository/org/wso2/siddhi/siddhi-query-compiler/4.1.46/siddhi-query-compiler-4.1.46.jar:/home/chiran/.m2/repository/org/mvel/mvel2/2.2.1.Final/mvel2-2.2.1.Final.jar:/home/chiran/.m2/repository/org/antlr/antlr4-runtime/4.5.1/antlr4-runtime-4.5.1.jar:/home/chiran/.m2/repository/org/slf4j/slf4j-simple/1.7.12/slf4j-simple-1.7.12.jar:/home/chiran/.m2/repository/org/slf4j/slf4j-api/1.7.12/slf4j-api-1.7.12.jar:/home/chiran/.m2/repository/org/wso2/orbit/com/lmax/disruptor/3.3.2.wso2v2/disruptor-3.3.2.wso2v2.jar:/home/chiran/.m2/repository/com/google/guava/guava/19.0/guava-19.0.jar:/home/chiran/.m2/repository/org/quartz-scheduler/wso2/quartz/2.1.1.wso2v1/quartz-2.1.1.wso2v1.jar:/home/chiran/.m2/repository/org/quartz-scheduler/quartz/2.1.1/quartz-2.1.1.jar:/home/chiran/.m2/repository/c3p0/c3p0/0.9.1.1/c3p0-0.9.1.1.jar:/home/chiran/.m2/repository/io/dropwizard/metrics/metrics-core/3.1.0/metrics-core-3.1.0.jar:/home/chiran/.m2/repository/com/google/code/gson/gson/2.8.0/gson-2.8.0.jar:/home/chiran/.m2/repository/com/jayway/jsonpath/json-path/2.2.0/json-path-2.2.0.jar:/home/chiran/.m2/repository/net/minidev/json-smart/2.2.1/json-smart-2.2.1.jar:/home/chiran/.m2/repository/net/minidev/accessors-smart/1.1/accessors-smart-1.1.jar:/home/chiran/.m2/repository/org/ow2/asm/asm/5.0.3/asm-5.0.3.jar:/home/chiran/.m2/repository/org/eclipse/osgi/org.eclipse.osgi.services/3.3.100.v20120522-1822/org.eclipse.osgi.services-3.3.100.v20120522-1822.jar:/home/chiran/.m2/repository/org/osgi/org.osgi.core/6.0.0/org.osgi.core-6.0.0.jar:/home/chiran/.m2/repository/org/wso2/siddhi/siddhi-query-api/4.1.46/siddhi-query-api-4.1.46.jar:/home/chiran/.m2/repository/org/wso2/siddhi/siddhi-annotations/4.1.46/siddhi-annotations-4.1.46.jar:/home/chiran/.m2/repository/org/atteo/classindex/classindex/3.4/classindex-3.4.jar:/home/chiran/.m2/repository/org/apache/log4j/wso2/log4j/1.2.17.wso2v1/log4j-1.2.17.wso2v1.jar:/home/chiran/.m2/repository/log4j/log4j/1.2.17/log4j-1.2.17.jar:/home/chiran/.m2/repository/com/ibm/mq/com.ibm.mq.allclient/9.0.5.0/com.ibm.mq.allclient-9.0.5.0.jar:/home/chiran/.m2/repository/org/bouncycastle/bcprov-jdk15on/1.57/bcprov-jdk15on-1.57.jar:/home/chiran/.m2/repository/org/bouncycastle/bcpkix-jdk15on/1.57/bcpkix-jdk15on-1.57.jar:/home/chiran/.m2/repository/javax/jms/javax.jms-api/2.0.1/javax.jms-api-2.0.1.jar:/home/chiran/.m2/repository/org/wso2/extension/siddhi/map/xml/siddhi-map-xml/4.0.18/siddhi-map-xml-4.0.18.jar:/home/chiran/.m2/repository/org/apache/ws/commons/axiom/axiom-api/1.2.20/axiom-api-1.2.20.jar:/home/chiran/.m2/repository/org/apache/geronimo/specs/geronimo-activation_1.1_spec/1.1/geronimo-activation_1.1_spec-1.1.jar:/home/chiran/.m2/repository/commons-logging/commons-logging/1.2/commons-logging-1.2.jar:/home/chiran/.m2/repository/org/apache/geronimo/specs/geronimo-stax-api_1.0_spec/1.0.1/geronimo-stax-api_1.0_spec-1.0.1.jar:/home/chiran/.m2/repository/org/apache/ws/commons/axiom/axiom-impl/1.2.20/axiom-impl-1.2.20.jar:/home/chiran/.m2/repository/org/codehaus/woodstox/woodstox-core-asl/4.2.0/woodstox-core-asl-4.2.0.jar:/home/chiran/.m2/repository/org/codehaus/woodstox/stax2-api/3.1.1/stax2-api-3.1.1.jar:/home/chiran/.m2/repository/org/apache/james/apache-mime4j-core/0.7.2/apache-mime4j-core-0.7.2.jar:/home/chiran/.m2/repository/jaxen/jaxen/1.1.6/jaxen-1.1.6.jar:/home/chiran/.m2/repository/org/testng/testng/6.8/testng-6.8.jar:/home/chiran/.m2/repository/junit/junit/4.10/junit-4.10.jar:/home/chiran/.m2/repository/org/beanshell/bsh/2.0b4/bsh-2.0b4.jar:/home/chiran/.m2/repository/com/beust/jcommander/1.27/jcommander-1.27.jar:/home/chiran/.m2/repository/org/yaml/snakeyaml/1.6/snakeyaml-1.6.jar:/home/chiran/.m2/repository/org/awaitility/awaitility/3.0.0/awaitility-3.0.0.jar:/home/chiran/.m2/repository/org/hamcrest/hamcrest-library/1.3/hamcrest-library-1.3.jar:/home/chiran/.m2/repository/org/hamcrest/hamcrest-core/1.3/hamcrest-core-1.3.jar:/home/chiran/.m2/repository/org/objenesis/objenesis/2.5.1/objenesis-2.5.1.jar:/home/chiran/.m2/repository/org/apache/maven/surefire/surefire-testng-utils/2.22.0/surefire-testng-utils-2.22.0.jar:/home/chiran/.m2/repository/org/apache/maven/surefire/surefire-grouper/2.22.0/surefire-grouper-2.22.0.jar:"/>
    <property name="java.vm.vendor" value="Oracle Corporation"/>
    <property name="sun.arch.data.model" value="64"/>
    <property name="java.vendor.url" value="http://java.oracle.com/"/>
    <property name="user.timezone" value=""/>
    <property name="java.vm.specification.version" value="1.8"/>
    <property name="os.name" value="Linux"/>
    <property name="user.country" value="US"/>
    <property name="sun.java.launcher" value="SUN_STANDARD"/>
    <property name="sun.boot.library.path" value="/usr/lib/jvm/java-8-oracle/jre/lib/amd64"/>
    <property name="sun.java.command" value="/home/chiran/Desktop/WSO2/siddhi-extensions/siddhi-io-ibmmq/component/target/surefire/surefirebooter6870806102950819950.jar /home/chiran/Desktop/WSO2/siddhi-extensions/siddhi-io-ibmmq/component/target/surefire 2019-03-01T20-21-04_970-jvmRun1 surefire110258057984758778tmp surefire_05639448855217972762tmp"/>
    <property name="surefire.test.class.path" value="/home/chiran/Desktop/WSO2/siddhi-extensions/siddhi-io-ibmmq/component/target/test-classes:/home/chiran/Desktop/WSO2/siddhi-extensions/siddhi-io-ibmmq/component/target/classes:/home/chiran/.m2/repository/org/wso2/siddhi/siddhi-core/4.1.46/siddhi-core-4.1.46.jar:/home/chiran/.m2/repository/org/wso2/siddhi/siddhi-query-compiler/4.1.46/siddhi-query-compiler-4.1.46.jar:/home/chiran/.m2/repository/org/mvel/mvel2/2.2.1.Final/mvel2-2.2.1.Final.jar:/home/chiran/.m2/repository/org/antlr/antlr4-runtime/4.5.1/antlr4-runtime-4.5.1.jar:/home/chiran/.m2/repository/org/slf4j/slf4j-simple/1.7.12/slf4j-simple-1.7.12.jar:/home/chiran/.m2/repository/org/slf4j/slf4j-api/1.7.12/slf4j-api-1.7.12.jar:/home/chiran/.m2/repository/org/wso2/orbit/com/lmax/disruptor/3.3.2.wso2v2/disruptor-3.3.2.wso2v2.jar:/home/chiran/.m2/repository/com/google/guava/guava/19.0/guava-19.0.jar:/home/chiran/.m2/repository/org/quartz-scheduler/wso2/quartz/2.1.1.wso2v1/quartz-2.1.1.wso2v1.jar:/home/chiran/.m2/repository/org/quartz-scheduler/quartz/2.1.1/quartz-2.1.1.jar:/home/chiran/.m2/repository/c3p0/c3p0/0.9.1.1/c3p0-0.9.1.1.jar:/home/chiran/.m2/repository/io/dropwizard/metrics/metrics-core/3.1.0/metrics-core-3.1.0.jar:/home/chiran/.m2/repository/com/google/code/gson/gson/2.8.0/gson-2.8.0.jar:/home/chiran/.m2/repository/com/jayway/jsonpath/json-path/2.2.0/json-path-2.2.0.jar:/home/chiran/.m2/repository/net/minidev/json-smart/2.2.1/json-smart-2.2.1.jar:/home/chiran/.m2/repository/net/minidev/accessors-smart/1.1/accessors-smart-1.1.jar:/home/chiran/.m2/repository/org/ow2/asm/asm/5.0.3/asm-5.0.3.jar:/home/chiran/.m2/repository/org/eclipse/osgi/org.eclipse.osgi.services/3.3.100.v20120522-1822/org.eclipse.osgi.services-3.3.100.v20120522-1822.jar:/home/chiran/.m2/repository/org/osgi/org.osgi.core/6.0.0/org.osgi.core-6.0.0.jar:/home/chiran/.m2/repository/org/wso2/siddhi/siddhi-query-api/4.1.46/siddhi-query-api-4.1.46.jar:/home/chiran/.m2/repository/org/wso2/siddhi/siddhi-annotations/4.1.46/siddhi-annotations-4.1.46.jar:/home/chiran/.m2/repository/org/atteo/classindex/classindex/3.4/classindex-3.4.jar:/home/chiran/.m2/repository/org/apache/log4j/wso2/log4j/1.2.17.wso2v1/log4j-1.2.17.wso2v1.jar:/home/chiran/.m2/repository/log4j/log4j/1.2.17/log4j-1.2.17.jar:/home/chiran/.m2/repository/com/ibm/mq/com.ibm.mq.allclient/9.0.5.0/com.ibm.mq.allclient-9.0.5.0.jar:/home/chiran/.m2/repository/org/bouncycastle/bcprov-jdk15on/1.57/bcprov-jdk15on-1.57.jar:/home/chiran/.m2/repository/org/bouncycastle/bcpkix-jdk15on/1.57/bcpkix-jdk15on-1.57.jar:/home/chiran/.m2/repository/javax/jms/javax.jms-api/2.0.1/javax.jms-api-2.0.1.jar:/home/chiran/.m2/repository/org/wso2/extension/siddhi/map/xml/siddhi-map-xml/4.0.18/siddhi-map-xml-4.0.18.jar:/home/chiran/.m2/repository/org/apache/ws/commons/axiom/axiom-api/1.2.20/axiom-api-1.2.20.jar:/home/chiran/.m2/repository/org/apache/geronimo/specs/geronimo-activation_1.1_spec/1.1/geronimo-activation_1.1_spec-1.1.jar:/home/chiran/.m2/repository/commons-logging/commons-logging/1.2/commons-logging-1.2.jar:/home/chiran/.m2/repository/org/apache/geronimo/specs/geronimo-stax-api_1.0_spec/1.0.1/geronimo-stax-api_1.0_spec-1.0.1.jar:/home/chiran/.m2/repository/org/apache/ws/commons/axiom/axiom-impl/1.2.20/axiom-impl-1.2.20.jar:/home/chiran/.m2/repository/org/codehaus/woodstox/woodstox-core-asl/4.2.0/woodstox-core-asl-4.2.0.jar:/home/chiran/.m2/repository/org/codehaus/woodstox/stax2-api/3.1.1/stax2-api-3.1.1.jar:/home/chiran/.m2/repository/org/apache/james/apache-mime4j-core/0.7.2/apache-mime4j-core-0.7.2.jar:/home/chiran/.m2/repository/jaxen/jaxen/1.1.6/jaxen-1.1.6.jar:/home/chiran/.m2/repository/org/testng/testng/6.8/testng-6.8.jar:/home/chiran/.m2/repository/junit/junit/4.10/junit-4.10.jar:/home/chiran/.m2/repository/org/beanshell/bsh/2.0b4/bsh-2.0b4.jar:/home/chiran/.m2/repository/com/beust/jcommander/1.27/jcommander-1.27.jar:/home/chiran/.m2/repository/org/yaml/snakeyaml/1.6/snakeyaml-1.6.jar:/home/chiran/.m2/repository/org/awaitility/awaitility/3.0.0/awaitility-3.0.0.jar:/home/chiran/.m2/repository/org/hamcrest/hamcrest-library/1.3/hamcrest-library-1.3.jar:/home/chiran/.m2/repository/org/hamcrest/hamcrest-core/1.3/hamcrest-core-1.3.jar:/home/chiran/.m2/repository/org/objenesis/objenesis/2.5.1/objenesis-2.5.1.jar:/home/chiran/.m2/repository/org/apache/maven/surefire/surefire-testng-utils/2.22.0/surefire-testng-utils-2.22.0.jar:/home/chiran/.m2/repository/org/apache/maven/surefire/surefire-grouper/2.22.0/surefire-grouper-2.22.0.jar:"/>
    <property name="sun.cpu.endian" value="little"/>
    <property name="user.home" value="/home/chiran"/>
    <property name="user.language" value="en"/>
    <property name="java.specification.vendor" value="Oracle Corporation"/>
    <property name="java.home" value="/usr/lib/jvm/java-8-oracle/jre"/>
    <property name="basedir" value="/home/chiran/Desktop/WSO2/siddhi-extensions/siddhi-io-ibmmq/component"/>
    <property name="file.separator" value="/"/>
    <property name="line.separator" value="&#10;"/>
    <property name="java.vm.specification.vendor" value="Oracle Corporation"/>
    <property name="java.specification.name" value="Java Platform API Specification"/>
    <property name="java.awt.graphicsenv" value="sun.awt.X11GraphicsEnvironment"/>
    <property name="surefire.real.class.path" value="/home/chiran/Desktop/WSO2/siddhi-extensions/siddhi-io-ibmmq/component/target/surefire/surefirebooter6870806102950819950.jar:/home/chiran/.m2/repository/org/jacoco/org.jacoco.agent/0.7.8/org.jacoco.agent-0.7.8-runtime.jar"/>
    <property name="sun.boot.class.path" value="/usr/lib/jvm/java-8-oracle/jre/lib/resources.jar:/usr/lib/jvm/java-8-oracle/jre/lib/rt.jar:/usr/lib/jvm/java-8-oracle/jre/lib/sunrsasign.jar:/usr/lib/jvm/java-8-oracle/jre/lib/jsse.jar:/usr/lib/jvm/java-8-oracle/jre/lib/jce.jar:/usr/lib/jvm/java-8-oracle/jre/lib/charsets.jar:/usr/lib/jvm/java-8-oracle/jre/lib/jfr.jar:/usr/lib/jvm/java-8-oracle/jre/classes"/>
    <property name="sun.management.compiler" value="HotSpot 64-Bit Tiered Compilers"/>
    <property name="java.runtime.version" value="1.8.0_201-b09"/>
    <property name="user.name" value="chiran"/>
    <property name="path.separator" value=":"/>
    <property name="os.version" value="4.15.0-45-generic"/>
    <property name="java.endorsed.dirs" value="/usr/lib/jvm/java-8-oracle/jre/lib/endorsed"/>
    <property name="java.runtime.name" value="Java(TM) SE Runtime Environment"/>
    <property name="file.encoding" value="UTF-8"/>
    <property name="java.vm.name" value="Java HotSpot(TM) 64-Bit Server VM"/>
    <property name="localRepository" value="/home/chiran/.m2/repository"/>
    <property name="java.vendor.url.bug" value="http://bugreport.sun.com/bugreport/"/>
    <property name="java.io.tmpdir" value="/tmp"/>
    <property name="java.version" value="1.8.0_201"/>
    <property name="user.dir" value="/home/chiran/Desktop/WSO2/siddhi-extensions/siddhi-io-ibmmq/component"/>
    <property name="os.arch" value="amd64"/>
    <property name="java.vm.specification.name" value="Java Virtual Machine Specification"/>
    <property name="java.awt.printerjob" value="sun.print.PSPrinterJob"/>
    <property name="sun.os.patch.level" value="unknown"/>
    <property name="java.library.path" value="/usr/java/packages/lib/amd64:/usr/lib64:/lib64:/lib:/usr/lib"/>
    <property name="java.vm.info" value="mixed mode"/>
    <property name="java.vendor" value="Oracle Corporation"/>
    <property name="java.vm.version" value="25.201-b09"/>
    <property name="java.ext.dirs" value="/usr/lib/jvm/java-8-oracle/jre/lib/ext:/usr/java/packages/lib/ext"/>
    <property name="sun.io.unicode.encoding" value="UnicodeLittle"/>
    <property name="java.class.version" value="52.0"/>
  </properties>
</testsuite>